<?xml version="1.0" encoding="UTF-8"?>
<testsuite xmlns:xsi="http://www.w3.org/2001/XMLSchema-instance" xsi:noNamespaceSchemaLocation="https://maven.apache.org/surefire/maven-surefire-plugin/xsd/surefire-test-report.xsd" name="DB.ConnectorTest" time="0.397" tests="2" errors="0" skipped="0" failures="0">
  <properties>
[...]
</properties>
  <testcase name="testinsert" classname="DB.ConnectorTest" time="0.375"/>
  <testcase name="testconnection" classname="DB.ConnectorTest" time="0"/>
</testsuite>